Analysis & Synthesis report for crc
Wed May 15 14:57:48 2024
Quartus Prime Version 20.1.1 Build 720 11/11/2020 SJ Lite Edition


---------------------
; Table of Contents ;
---------------------
  1. Legal Notice
  2. Analysis & Synthesis Summary
  3. Analysis & Synthesis Settings
  4. Parallel Compilation
  5. Analysis & Synthesis Source Files Read
  6. Analysis & Synthesis Resource Usage Summary
  7. Analysis & Synthesis Resource Utilization by Entity
  8. State Machine - |crc_tp|uart_receive:inst1|state
  9. Registers Removed During Synthesis
 10. General Register Statistics
 11. Inverted Register Statistics
 12. Multiplexer Restructuring Statistics (Restructuring Performed)
 13. Parameter Settings for User Entity Instance: uart_receive:inst1
 14. Parameter Settings for User Entity Instance: uart_send:inst2
 15. Parameter Settings for User Entity Instance: crc:inst3
 16. Parameter Settings for User Entity Instance: maichong:inst5
 17. Port Connectivity Checks: "uart_send:inst2"
 18. Post-Synthesis Netlist Statistics for Top Partition
 19. Elapsed Time Per Partition
 20. Analysis & Synthesis Messages
 21. Analysis & Synthesis Suppressed Messages



----------------
; Legal Notice ;
----------------
Copyright (C) 2020  Intel Corporation. All rights reserved.
Your use of Intel Corporation's design tools, logic functions 
and other software and tools, and any partner logic 
functions, and any output files from any of the foregoing 
(including device programming or simulation files), and any 
associated documentation or information are expressly subject 
to the terms and conditions of the Intel Program License 
Subscription Agreement, the Intel Quartus Prime License Agreement,
the Intel FPGA IP License Agreement, or other applicable license
agreement, including, without limitation, that your use is for
the sole purpose of programming logic devices manufactured by
Intel and sold by Intel or its authorized distributors.  Please
refer to the applicable agreement for further details, at
https://fpgasoftware.intel.com/eula.



+----------------------------------------------------------------------------------+
; Analysis & Synthesis Summary                                                     ;
+------------------------------------+---------------------------------------------+
; Analysis & Synthesis Status        ; Successful - Wed May 15 14:57:48 2024       ;
; Quartus Prime Version              ; 20.1.1 Build 720 11/11/2020 SJ Lite Edition ;
; Revision Name                      ; crc                                         ;
; Top-level Entity Name              ; crc_tp                                      ;
; Family                             ; Cyclone IV E                                ;
; Total logic elements               ; 191                                         ;
;     Total combinational functions  ; 161                                         ;
;     Dedicated logic registers      ; 125                                         ;
; Total registers                    ; 125                                         ;
; Total pins                         ; 13                                          ;
; Total virtual pins                 ; 0                                           ;
; Total memory bits                  ; 0                                           ;
; Embedded Multiplier 9-bit elements ; 0                                           ;
; Total PLLs                         ; 0                                           ;
+------------------------------------+---------------------------------------------+


+------------------------------------------------------------------------------------------------------------+
; Analysis & Synthesis Settings                                                                              ;
+------------------------------------------------------------------+--------------------+--------------------+
; Option                                                           ; Setting            ; Default Value      ;
+------------------------------------------------------------------+--------------------+--------------------+
; Device                                                           ; EP4CE6F17C8        ;                    ;
; Top-level entity name                                            ; crc_tp             ; crc                ;
; Family name                                                      ; Cyclone IV E       ; Cyclone V          ;
; Use smart compilation                                            ; Off                ; Off                ;
; Enable parallel Assembler and Timing Analyzer during compilation ; On                 ; On                 ;
; Enable compact report table                                      ; Off                ; Off                ;
; Restructure Multiplexers                                         ; Auto               ; Auto               ;
; Create Debugging Nodes for IP Cores                              ; Off                ; Off                ;
; Preserve fewer node names                                        ; On                 ; On                 ;
; Intel FPGA IP Evaluation Mode                                    ; Enable             ; Enable             ;
; Verilog Version                                                  ; Verilog_2001       ; Verilog_2001       ;
; VHDL Version                                                     ; VHDL_1993          ; VHDL_1993          ;
; State Machine Processing                                         ; Auto               ; Auto               ;
; Safe State Machine                                               ; Off                ; Off                ;
; Extract Verilog State Machines                                   ; On                 ; On                 ;
; Extract VHDL State Machines                                      ; On                 ; On                 ;
; Ignore Verilog initial constructs                                ; Off                ; Off                ;
; Iteration limit for constant Verilog loops                       ; 5000               ; 5000               ;
; Iteration limit for non-constant Verilog loops                   ; 250                ; 250                ;
; Add Pass-Through Logic to Inferred RAMs                          ; On                 ; On                 ;
; Infer RAMs from Raw Logic                                        ; On                 ; On                 ;
; Parallel Synthesis                                               ; On                 ; On                 ;
; DSP Block Balancing                                              ; Auto               ; Auto               ;
; NOT Gate Push-Back                                               ; On                 ; On                 ;
; Power-Up Don't Care                                              ; On                 ; On                 ;
; Remove Redundant Logic Cells                                     ; Off                ; Off                ;
; Remove Duplicate Registers                                       ; On                 ; On                 ;
; Ignore CARRY Buffers                                             ; Off                ; Off                ;
; Ignore CASCADE Buffers                                           ; Off                ; Off                ;
; Ignore GLOBAL Buffers                                            ; Off                ; Off                ;
; Ignore ROW GLOBAL Buffers                                        ; Off                ; Off                ;
; Ignore LCELL Buffers                                             ; Off                ; Off                ;
; Ignore SOFT Buffers                                              ; On                 ; On                 ;
; Limit AHDL Integers to 32 Bits                                   ; Off                ; Off                ;
; Optimization Technique                                           ; Balanced           ; Balanced           ;
; Carry Chain Length                                               ; 70                 ; 70                 ;
; Auto Carry Chains                                                ; On                 ; On                 ;
; Auto Open-Drain Pins                                             ; On                 ; On                 ;
; Perform WYSIWYG Primitive Resynthesis                            ; Off                ; Off                ;
; Auto ROM Replacement                                             ; On                 ; On                 ;
; Auto RAM Replacement                                             ; On                 ; On                 ;
; Auto DSP Block Replacement                                       ; On                 ; On                 ;
; Auto Shift Register Replacement                                  ; Auto               ; Auto               ;
; Allow Shift Register Merging across Hierarchies                  ; Auto               ; Auto               ;
; Auto Clock Enable Replacement                                    ; On                 ; On                 ;
; Strict RAM Replacement                                           ; Off                ; Off                ;
; Allow Synchronous Control Signals                                ; On                 ; On                 ;
; Force Use of Synchronous Clear Signals                           ; Off                ; Off                ;
; Auto RAM Block Balancing                                         ; On                 ; On                 ;
; Auto RAM to Logic Cell Conversion                                ; Off                ; Off                ;
; Auto Resource Sharing                                            ; Off                ; Off                ;
; Allow Any RAM Size For Recognition                               ; Off                ; Off                ;
; Allow Any ROM Size For Recognition                               ; Off                ; Off                ;
; Allow Any Shift Register Size For Recognition                    ; Off                ; Off                ;
; Use LogicLock Constraints during Resource Balancing              ; On                 ; On                 ;
; Ignore translate_off and synthesis_off directives                ; Off                ; Off                ;
; Timing-Driven Synthesis                                          ; On                 ; On                 ;
; Report Parameter Settings                                        ; On                 ; On                 ;
; Report Source Assignments                                        ; On                 ; On                 ;
; Report Connectivity Checks                                       ; On                 ; On                 ;
; Ignore Maximum Fan-Out Assignments                               ; Off                ; Off                ;
; Synchronization Register Chain Length                            ; 2                  ; 2                  ;
; Power Optimization During Synthesis                              ; Normal compilation ; Normal compilation ;
; HDL message level                                                ; Level2             ; Level2             ;
; Suppress Register Optimization Related Messages                  ; Off                ; Off                ;
; Number of Removed Registers Reported in Synthesis Report         ; 5000               ; 5000               ;
; Number of Swept Nodes Reported in Synthesis Report               ; 5000               ; 5000               ;
; Number of Inverted Registers Reported in Synthesis Report        ; 100                ; 100                ;
; Clock MUX Protection                                             ; On                 ; On                 ;
; Auto Gated Clock Conversion                                      ; Off                ; Off                ;
; Block Design Naming                                              ; Auto               ; Auto               ;
; SDC constraint protection                                        ; Off                ; Off                ;
; Synthesis Effort                                                 ; Auto               ; Auto               ;
; Shift Register Replacement - Allow Asynchronous Clear Signal     ; On                 ; On                 ;
; Pre-Mapping Resynthesis Optimization                             ; Off                ; Off                ;
; Analysis & Synthesis Message Level                               ; Medium             ; Medium             ;
; Disable Register Merging Across Hierarchies                      ; Auto               ; Auto               ;
; Resource Aware Inference For Block RAM                           ; On                 ; On                 ;
+------------------------------------------------------------------+--------------------+--------------------+


+------------------------------------------+
; Parallel Compilation                     ;
+----------------------------+-------------+
; Processors                 ; Number      ;
+----------------------------+-------------+
; Number detected on machine ; 24          ;
; Maximum allowed            ; 16          ;
;                            ;             ;
; Average used               ; 1.00        ;
; Maximum used               ; 16          ;
;                            ;             ;
; Usage by Processor         ; % Time Used ;
;     Processor 1            ; 100.0%      ;
;     Processors 2-16        ;   0.0%      ;
+----------------------------+-------------+


+----------------------------------------------------------------------------------------------------------------------------+
; Analysis & Synthesis Source Files Read                                                                                     ;
+----------------------------------+-----------------+------------------------+------------------------------------+---------+
; File Name with User-Entered Path ; Used in Netlist ; File Type              ; File Name with Absolute Path       ; Library ;
+----------------------------------+-----------------+------------------------+------------------------------------+---------+
; uart_send.v                      ; yes             ; User Verilog HDL File  ; D:/xizichen/crctest/uart_send.v    ;         ;
; uart_receive.v                   ; yes             ; User Verilog HDL File  ; D:/xizichen/crctest/uart_receive.v ;         ;
; crc.v                            ; yes             ; User Verilog HDL File  ; D:/xizichen/crctest/crc.v          ;         ;
; crc_tp.v                         ; yes             ; User Verilog HDL File  ; D:/xizichen/crctest/crc_tp.v       ;         ;
; xiajiang.v                       ; yes             ; User Verilog HDL File  ; D:/xizichen/crctest/xiajiang.v     ;         ;
; clear_key.v                      ; yes             ; User Verilog HDL File  ; D:/xizichen/crctest/clear_key.v    ;         ;
; maichong.v                       ; yes             ; User Verilog HDL File  ; D:/xizichen/crctest/maichong.v     ;         ;
+----------------------------------+-----------------+------------------------+------------------------------------+---------+


+---------------------------------------------------------+
; Analysis & Synthesis Resource Usage Summary             ;
+---------------------------------------------+-----------+
; Resource                                    ; Usage     ;
+---------------------------------------------+-----------+
; Estimated Total logic elements              ; 191       ;
;                                             ;           ;
; Total combinational functions               ; 161       ;
; Logic element usage by number of LUT inputs ;           ;
;     -- 4 input functions                    ; 58        ;
;     -- 3 input functions                    ; 26        ;
;     -- <=2 input functions                  ; 77        ;
;                                             ;           ;
; Logic elements by mode                      ;           ;
;     -- normal mode                          ; 114       ;
;     -- arithmetic mode                      ; 47        ;
;                                             ;           ;
; Total registers                             ; 125       ;
;     -- Dedicated logic registers            ; 125       ;
;     -- I/O registers                        ; 0         ;
;                                             ;           ;
; I/O pins                                    ; 13        ;
;                                             ;           ;
; Embedded Multiplier 9-bit elements          ; 0         ;
;                                             ;           ;
; Maximum fan-out node                        ; clk~input ;
; Maximum fan-out                             ; 125       ;
; Total fan-out                               ; 808       ;
; Average fan-out                             ; 2.59      ;
+---------------------------------------------+-----------+


+------------------------------------------------------------------------------------------------------------------------------------------------------------------------------------------------------------------+
; Analysis & Synthesis Resource Utilization by Entity                                                                                                                                                              ;
+----------------------------+---------------------+---------------------------+-------------+--------------+---------+-----------+------+--------------+----------------------------+--------------+--------------+
; Compilation Hierarchy Node ; Combinational ALUTs ; Dedicated Logic Registers ; Memory Bits ; DSP Elements ; DSP 9x9 ; DSP 18x18 ; Pins ; Virtual Pins ; Full Hierarchy Name        ; Entity Name  ; Library Name ;
+----------------------------+---------------------+---------------------------+-------------+--------------+---------+-----------+------+--------------+----------------------------+--------------+--------------+
; |crc_tp                    ; 161 (9)             ; 125 (17)                  ; 0           ; 0            ; 0       ; 0         ; 13   ; 0            ; |crc_tp                    ; crc_tp       ; work         ;
;    |clear_key:inst4|       ; 2 (2)               ; 2 (2)                     ; 0           ; 0            ; 0       ; 0         ; 0    ; 0            ; |crc_tp|clear_key:inst4    ; clear_key    ; work         ;
;    |crc:inst3|             ; 16 (16)             ; 9 (9)                     ; 0           ; 0            ; 0       ; 0         ; 0    ; 0            ; |crc_tp|crc:inst3          ; crc          ; work         ;
;    |maichong:inst5|        ; 41 (41)             ; 27 (27)                   ; 0           ; 0            ; 0       ; 0         ; 0    ; 0            ; |crc_tp|maichong:inst5     ; maichong     ; work         ;
;    |uart_receive:inst1|    ; 56 (56)             ; 41 (41)                   ; 0           ; 0            ; 0       ; 0         ; 0    ; 0            ; |crc_tp|uart_receive:inst1 ; uart_receive ; work         ;
;    |uart_send:inst2|       ; 37 (37)             ; 27 (27)                   ; 0           ; 0            ; 0       ; 0         ; 0    ; 0            ; |crc_tp|uart_send:inst2    ; uart_send    ; work         ;
;    |xiajiang:inst6|        ; 0 (0)               ; 2 (2)                     ; 0           ; 0            ; 0       ; 0         ; 0    ; 0            ; |crc_tp|xiajiang:inst6     ; xiajiang     ; work         ;
+----------------------------+---------------------+---------------------------+-------------+--------------+---------+-----------+------+--------------+----------------------------+--------------+--------------+
Note: For table entries with two numbers listed, the numbers in parentheses indicate the number of resources of the given type used by the specific entity alone. The numbers listed outside of parentheses indicate the total resources of the given type used by the specific entity and all of its sub-entities in the hierarchy.


Encoding Type:  One-Hot
+------------------------------------------------------+
; State Machine - |crc_tp|uart_receive:inst1|state     ;
+----------+----------+----------+----------+----------+
; Name     ; state.11 ; state.10 ; state.01 ; state.00 ;
+----------+----------+----------+----------+----------+
; state.00 ; 0        ; 0        ; 0        ; 0        ;
; state.01 ; 0        ; 0        ; 1        ; 1        ;
; state.10 ; 0        ; 1        ; 0        ; 1        ;
; state.11 ; 1        ; 0        ; 0        ; 1        ;
+----------+----------+----------+----------+----------+


+------------------------------------------------------------+
; Registers Removed During Synthesis                         ;
+---------------------------------------+--------------------+
; Register name                         ; Reason for Removal ;
+---------------------------------------+--------------------+
; uart_receive:inst1|state~6            ; Lost fanout        ;
; uart_receive:inst1|state~7            ; Lost fanout        ;
; Total Number of Removed Registers = 2 ;                    ;
+---------------------------------------+--------------------+


+------------------------------------------------------+
; General Register Statistics                          ;
+----------------------------------------------+-------+
; Statistic                                    ; Value ;
+----------------------------------------------+-------+
; Total registers                              ; 125   ;
; Number of registers using Synchronous Clear  ; 13    ;
; Number of registers using Synchronous Load   ; 0     ;
; Number of registers using Asynchronous Clear ; 0     ;
; Number of registers using Asynchronous Load  ; 0     ;
; Number of registers using Clock Enable       ; 61    ;
; Number of registers using Preset             ; 0     ;
+----------------------------------------------+-------+


+--------------------------------------------------+
; Inverted Register Statistics                     ;
+----------------------------------------+---------+
; Inverted Register                      ; Fan out ;
+----------------------------------------+---------+
; uart_send:inst2|sfg[0]                 ; 1       ;
; uart_send:inst2|sfg[1]                 ; 1       ;
; uart_send:inst2|sfg[2]                 ; 1       ;
; uart_send:inst2|sfg[3]                 ; 1       ;
; uart_send:inst2|sfg[4]                 ; 1       ;
; uart_send:inst2|sfg[5]                 ; 1       ;
; uart_send:inst2|sfg[6]                 ; 1       ;
; uart_send:inst2|sfg[7]                 ; 1       ;
; uart_send:inst2|sfg[8]                 ; 1       ;
; Total number of inverted registers = 9 ;         ;
+----------------------------------------+---------+


+-----------------------------------------------------------------------------------------------------------------------------------------------------+
; Multiplexer Restructuring Statistics (Restructuring Performed)                                                                                      ;
+--------------------+-----------+---------------+----------------------+------------------------+------------+---------------------------------------+
; Multiplexer Inputs ; Bus Width ; Baseline Area ; Area if Restructured ; Saving if Restructured ; Registered ; Example Multiplexer Output            ;
+--------------------+-----------+---------------+----------------------+------------------------+------------+---------------------------------------+
; 3:1                ; 2 bits    ; 4 LEs         ; 0 LEs                ; 4 LEs                  ; Yes        ; |crc_tp|uart_receive:inst1|samples[1] ;
; 3:1                ; 13 bits   ; 26 LEs        ; 13 LEs               ; 13 LEs                 ; Yes        ; |crc_tp|uart_send:inst2|send_cnt[5]   ;
; 3:1                ; 8 bits    ; 16 LEs        ; 8 LEs                ; 8 LEs                  ; Yes        ; |crc_tp|crc:inst3|r_data_out[4]       ;
; 3:1                ; 8 bits    ; 16 LEs        ; 8 LEs                ; 8 LEs                  ; Yes        ; |crc_tp|crc_initial[2]                ;
; 4:1                ; 4 bits    ; 8 LEs         ; 4 LEs                ; 4 LEs                  ; Yes        ; |crc_tp|uart_send:inst2|cnt[3]        ;
; 4:1                ; 5 bits    ; 10 LEs        ; 5 LEs                ; 5 LEs                  ; Yes        ; |crc_tp|uart_receive:inst1|cnt[10]    ;
; 4:1                ; 6 bits    ; 12 LEs        ; 12 LEs               ; 0 LEs                  ; Yes        ; |crc_tp|uart_receive:inst1|cnt[6]     ;
; 6:1                ; 3 bits    ; 12 LEs        ; 3 LEs                ; 9 LEs                  ; Yes        ; |crc_tp|uart_receive:inst1|rev_cnt[1] ;
; 10:1               ; 2 bits    ; 12 LEs        ; 2 LEs                ; 10 LEs                 ; Yes        ; |crc_tp|uart_receive:inst1|cnt3[1]    ;
; 3:1                ; 7 bits    ; 14 LEs        ; 7 LEs                ; 7 LEs                  ; Yes        ; |crc_tp|uart_send:inst2|sfg[3]        ;
; 7:1                ; 2 bits    ; 8 LEs         ; 6 LEs                ; 2 LEs                  ; No         ; |crc_tp|uart_receive:inst1|Selector16 ;
; 7:1                ; 2 bits    ; 8 LEs         ; 4 LEs                ; 4 LEs                  ; No         ; |crc_tp|uart_receive:inst1|Selector13 ;
+--------------------+-----------+---------------+----------------------+------------------------+------------+---------------------------------------+


+-----------------------------------------------------------------+
; Parameter Settings for User Entity Instance: uart_receive:inst1 ;
+----------------+-------+----------------------------------------+
; Parameter Name ; Value ; Type                                   ;
+----------------+-------+----------------------------------------+
; DIV_NUM        ; 1736  ; Signed Integer                         ;
; WIDTH          ; 11    ; Signed Integer                         ;
+----------------+-------+----------------------------------------+
Note: In order to hide this table in the UI and the text report file, please set the "Show Parameter Settings in Synthesis Report" option in "Analysis and Synthesis Settings -> More Settings" to "Off".


+--------------------------------------------------------------+
; Parameter Settings for User Entity Instance: uart_send:inst2 ;
+----------------+-------+-------------------------------------+
; Parameter Name ; Value ; Type                                ;
+----------------+-------+-------------------------------------+
; STOP           ; 0     ; Signed Integer                      ;
; DIV_NUM        ; 5208  ; Signed Integer                      ;
; WIDTH          ; 13    ; Signed Integer                      ;
+----------------+-------+-------------------------------------+
Note: In order to hide this table in the UI and the text report file, please set the "Show Parameter Settings in Synthesis Report" option in "Analysis and Synthesis Settings -> More Settings" to "Off".


+--------------------------------------------------------+
; Parameter Settings for User Entity Instance: crc:inst3 ;
+----------------+-------+-------------------------------+
; Parameter Name ; Value ; Type                          ;
+----------------+-------+-------------------------------+
; CRC_WIDTH      ; 8     ; Signed Integer                ;
; DATA_WIDTH     ; 8     ; Signed Integer                ;
+----------------+-------+-------------------------------+
Note: In order to hide this table in the UI and the text report file, please set the "Show Parameter Settings in Synthesis Report" option in "Analysis and Synthesis Settings -> More Settings" to "Off".


+---------------------------------------------------------------+
; Parameter Settings for User Entity Instance: maichong:inst5   ;
+----------------+----------------------------+-----------------+
; Parameter Name ; Value                      ; Type            ;
+----------------+----------------------------+-----------------+
; MAX            ; 00000000001100001101001111 ; Unsigned Binary ;
+----------------+----------------------------+-----------------+
Note: In order to hide this table in the UI and the text report file, please set the "Show Parameter Settings in Synthesis Report" option in "Analysis and Synthesis Settings -> More Settings" to "Off".


+---------------------------------------------------+
; Port Connectivity Checks: "uart_send:inst2"       ;
+------+--------+----------+------------------------+
; Port ; Type   ; Severity ; Details                ;
+------+--------+----------+------------------------+
; rst  ; Input  ; Info     ; Stuck at GND           ;
; busy ; Output ; Info     ; Explicitly unconnected ;
+------+--------+----------+------------------------+


+-----------------------------------------------------+
; Post-Synthesis Netlist Statistics for Top Partition ;
+-----------------------+-----------------------------+
; Type                  ; Count                       ;
+-----------------------+-----------------------------+
; boundary_port         ; 13                          ;
; cycloneiii_ff         ; 125                         ;
;     ENA               ; 61                          ;
;     SCLR              ; 13                          ;
;     plain             ; 51                          ;
; cycloneiii_lcell_comb ; 162                         ;
;     arith             ; 47                          ;
;         2 data inputs ; 47                          ;
;     normal            ; 115                         ;
;         1 data inputs ; 4                           ;
;         2 data inputs ; 27                          ;
;         3 data inputs ; 26                          ;
;         4 data inputs ; 58                          ;
;                       ;                             ;
; Max LUT depth         ; 6.00                        ;
; Average LUT depth     ; 2.72                        ;
+-----------------------+-----------------------------+


+-------------------------------+
; Elapsed Time Per Partition    ;
+----------------+--------------+
; Partition Name ; Elapsed Time ;
+----------------+--------------+
; Top            ; 00:00:00     ;
+----------------+--------------+


+-------------------------------+
; Analysis & Synthesis Messages ;
+-------------------------------+
Info: *******************************************************************
Info: Running Quartus Prime Analysis & Synthesis
    Info: Version 20.1.1 Build 720 11/11/2020 SJ Lite Edition
    Info: Processing started: Wed May 15 14:57:42 2024
Info: Command: quartus_map --read_settings_files=on --write_settings_files=off crc -c crc
Warning (18236): Number of processors has not been specified which may cause overloading on shared machines.  Set the global assignment NUM_PARALLEL_PROCESSORS in your QSF to an appropriate value for best performance.
Info (20030): Parallel compilation is enabled and will use 16 of the 24 processors detected
Info (12021): Found 1 design units, including 1 entities, in source file uart_send.v
    Info (12023): Found entity 1: uart_send File: D:/xizichen/crctest/uart_send.v Line: 3
Info (12021): Found 1 design units, including 1 entities, in source file uart_receive.v
    Info (12023): Found entity 1: uart_receive File: D:/xizichen/crctest/uart_receive.v Line: 3
Info (12021): Found 1 design units, including 1 entities, in source file crc_tb.v
    Info (12023): Found entity 1: tb_crc File: D:/xizichen/crctest/crc_tb.v Line: 2
Info (12021): Found 1 design units, including 1 entities, in source file crc.v
    Info (12023): Found entity 1: crc File: D:/xizichen/crctest/crc.v Line: 3
Info (12021): Found 1 design units, including 1 entities, in source file crc_tp.v
    Info (12023): Found entity 1: crc_tp File: D:/xizichen/crctest/crc_tp.v Line: 1
Info (12021): Found 1 design units, including 1 entities, in source file xiajiang.v
    Info (12023): Found entity 1: xiajiang File: D:/xizichen/crctest/xiajiang.v Line: 1
Info (12021): Found 1 design units, including 1 entities, in source file clear_key.v
    Info (12023): Found entity 1: clear_key File: D:/xizichen/crctest/clear_key.v Line: 1
Info (12021): Found 1 design units, including 1 entities, in source file maichong.v
    Info (12023): Found entity 1: maichong File: D:/xizichen/crctest/maichong.v Line: 1
Info (12127): Elaborating entity "crc_tp" for the top level hierarchy
Info (12128): Elaborating entity "uart_receive" for hierarchy "uart_receive:inst1" File: D:/xizichen/crctest/crc_tp.v Line: 49
Warning (10230): Verilog HDL assignment warning at uart_receive.v(38): truncated value with size 32 to match size of target (11) File: D:/xizichen/crctest/uart_receive.v Line: 38
Warning (10230): Verilog HDL assignment warning at uart_receive.v(54): truncated value with size 4 to match size of target (3) File: D:/xizichen/crctest/uart_receive.v Line: 54
Info (12128): Elaborating entity "uart_send" for hierarchy "uart_send:inst2" File: D:/xizichen/crctest/crc_tp.v Line: 58
Warning (10036): Verilog HDL or VHDL warning at uart_send.v(18): object "send_en" assigned a value but never read File: D:/xizichen/crctest/uart_send.v Line: 18
Info (12128): Elaborating entity "crc" for hierarchy "crc:inst3" File: D:/xizichen/crctest/crc_tp.v Line: 68
Info (12128): Elaborating entity "clear_key" for hierarchy "clear_key:inst4" File: D:/xizichen/crctest/crc_tp.v Line: 75
Info (12128): Elaborating entity "maichong" for hierarchy "maichong:inst5" File: D:/xizichen/crctest/crc_tp.v Line: 80
Info (12128): Elaborating entity "xiajiang" for hierarchy "xiajiang:inst6" File: D:/xizichen/crctest/crc_tp.v Line: 86
Info (286030): Timing-Driven Synthesis is running
Info (17049): 2 registers lost all their fanouts during netlist optimizations.
Info (144001): Generated suppressed messages file D:/xizichen/crctest/output_files/crc.map.smsg
Info (16010): Generating hard_block partition "hard_block:auto_generated_inst"
    Info (16011): Adding 0 node(s), including 0 DDIO, 0 PLL, 0 transceiver and 0 LCELL
Info (21057): Implemented 206 device resources after synthesis - the final resource count might be different
    Info (21058): Implemented 3 input pins
    Info (21059): Implemented 10 output pins
    Info (21061): Implemented 193 logic cells
Info: Quartus Prime Analysis & Synthesis was successful. 0 errors, 4 warnings
    Info: Peak virtual memory: 4834 megabytes
    Info: Processing ended: Wed May 15 14:57:48 2024
    Info: Elapsed time: 00:00:06
    Info: Total CPU time (on all processors): 00:00:06


+------------------------------------------+
; Analysis & Synthesis Suppressed Messages ;
+------------------------------------------+
The suppressed messages can be found in D:/xizichen/crctest/output_files/crc.map.smsg.


